<?xml version="1.0" encoding="UTF-8"?>
<!-- Generated by org.testng.reporters.JUnitXMLReporter -->
<testsuite hostname="DESKTOP-0KBR3DP" ignored="0" name="Tests" tests="33" failures="6" timestamp="2021-09-09T10:12:07 IST" time="2216.656" errors="0">
  <testcase name="testSecureCheckOutForProducts" time="61.746" classname="tests.shopping.TestCheckOutPage"/>
  <testcase name="testAllFooterInformationLinks" time="26.823" classname="tests.shopping.TestHomePage"/>
  <testcase name="testAllOurServicesSection" time="87.224" classname="tests.shopping.TestHomePage"/>
  <testcase name="testAllPlatformAvailabilityLinks" time="22.031" classname="tests.shopping.TestHomePage"/>
  <testcase name="testAllProductSubCategoryLinks" time="159.642" classname="tests.shopping.TestHomePage"/>
  <testcase name="testAllSocialMediaPlatformAvailabilityLinks" time="25.922" classname="tests.shopping.TestHomePage"/>
  <testcase name="testBuyersProtectionInformationBadge" time="18.084" classname="tests.shopping.TestHomePage"/>
  <testcase name="testEmailSubscription" time="93.924" classname="tests.shopping.TestHomePage"/>
  <testcase name="testHomePageInformationLinks" time="93.947" classname="tests.shopping.TestHomePage"/>
  <testcase name="testOffersForYouSectionLinks" time="25.387" classname="tests.shopping.TestHomePage"/>
  <testcase name="testRegisterNewUserByUniqueEmailId" time="42.097" classname="tests.shopping.TestHomePage">
    <failure type="java.lang.AssertionError" message="expected [true] but found [false]">
      <![CDATA[java.lang.AssertionError: expected [true] but found [false]
at utils.AssertUtil.assertTrue(AssertUtil.java:10)
at tests.shopping.TestHomePage.testRegisterNewUserByUniqueEmailId(TestHomePage.java:61)
at java.util.ArrayList.forEach(Unknown Source)
... Removed 30 stack frames]]>
    </failure>
  </testcase> <!-- testRegisterNewUserByUniqueEmailId -->
  <testcase name="testSearchProductsFromHomePage" time="40.961" classname="tests.shopping.TestHomePage"/>
  <testcase name="testSelectProductCategory" time="93.33" classname="tests.shopping.TestHomePage"/>
  <testcase name="testSelectProductSubCategory" time="96.117" classname="tests.shopping.TestHomePage"/>
  <testcase name="testSignInAuthenticatedUser" time="52.789" classname="tests.shopping.TestHomePage"/>
  <testcase name="testUserSelectLanguageCountryAndCurrency" time="61.231" classname="tests.shopping.TestHomePage"/>
  <testcase name="testWhyChooseUsSection" time="46.136" classname="tests.shopping.TestHomePage"/>
  <testcase name="testAddConfigurableProductsToQuotes" time="25.726" classname="tests.shopping.TestProductDetails">
    <failure type="java.lang.AssertionError" message="expected [true] but found [false]">
      <![CDATA[java.lang.AssertionError: expected [true] but found [false]
at utils.AssertUtil.assertTrue(AssertUtil.java:10)
at tests.shopping.TestProductDetails.testAddConfigurableProductsToQuotes(TestProductDetails.java:201)
at java.util.ArrayList.forEach(Unknown Source)
... Removed 30 stack frames]]>
    </failure>
  </testcase> <!-- testAddConfigurableProductsToQuotes -->
  <testcase name="testAddProductReviewByUser" time="40.492" classname="tests.shopping.TestProductDetails"/>
  <testcase name="testAddProductToCart" time="29.483" classname="tests.shopping.TestProductDetails">
    <failure type="java.lang.AssertionError" message="expected [true] but found [false]">
      <![CDATA[java.lang.AssertionError: expected [true] but found [false]
at utils.AssertUtil.assertTrue(AssertUtil.java:10)
at tests.shopping.TestProductDetails.testAddProductToCart(TestProductDetails.java:37)
at java.util.ArrayList.forEach(Unknown Source)
... Removed 30 stack frames]]>
    </failure>
  </testcase> <!-- testAddProductToCart -->
  <testcase name="testAskForDiscount" time="32.425" classname="tests.shopping.TestProductDetails"/>
  <testcase name="testProductAddToQuote" time="67.902" classname="tests.shopping.TestProductDetails">
    <failure type="java.lang.AssertionError" message="expected [true] but found [false]">
      <![CDATA[java.lang.AssertionError: expected [true] but found [false]
at utils.AssertUtil.assertTrue(AssertUtil.java:10)
at tests.shopping.TestProductDetails.testProductAddToQuote(TestProductDetails.java:161)
at java.util.ArrayList.forEach(Unknown Source)
... Removed 30 stack frames]]>
    </failure>
  </testcase> <!-- testProductAddToQuote -->
  <testcase name="testProductSpecifications" time="48.958" classname="tests.shopping.TestProductDetails"/>
  <testcase name="testAddProductToCartFromProductListPage" time="43.75" classname="tests.shopping.TestProductListPage"/>
  <testcase name="testAddProductToQuoteFromProductListPage" time="43.509" classname="tests.shopping.TestProductListPage"/>
  <testcase name="testApplySortingOptionsFiltersAndPriceRange" time="38.849" classname="tests.shopping.TestProductListPage"/>
  <testcase name="testAddGroupProductsToCart" time="27.982" classname="tests.shopping.TestShoppingCart">
    <failure type="java.lang.AssertionError" message="expected [true] but found [false]">
      <![CDATA[java.lang.AssertionError: expected [true] but found [false]
at utils.AssertUtil.assertTrue(AssertUtil.java:10)
at tests.shopping.TestShoppingCart.testAddGroupProductsToCart(TestShoppingCart.java:110)
at java.util.ArrayList.forEach(Unknown Source)
... Removed 30 stack frames]]>
    </failure>
  </testcase> <!-- testAddGroupProductsToCart -->
  <testcase name="testApplyForDiscountOnShoppingCartPage" time="69.576" classname="tests.shopping.TestShoppingCart"/>
  <testcase name="testMinicartQuotesModalFromHomePage" time="25.71" classname="tests.shopping.TestShoppingCart">
    <failure type="java.lang.AssertionError" message="expected [true] but found [false]">
      <![CDATA[java.lang.AssertionError: expected [true] but found [false]
at utils.AssertUtil.assertTrue(AssertUtil.java:10)
at tests.shopping.TestShoppingCart.testMinicartQuotesModalFromHomePage(TestShoppingCart.java:35)
at java.util.ArrayList.forEach(Unknown Source)
... Removed 30 stack frames]]>
    </failure>
  </testcase> <!-- testMinicartQuotesModalFromHomePage -->
  <testcase name="testRemoveProductFromCart" time="60.31" classname="tests.shopping.TestShoppingCart"/>
  <testcase name="testAutomationSetUpForCasa39English" time="18.141" classname="tests.shopping.TestUserProfile"/>
  <testcase name="testLoggedInUserMyAccountSection" time="550.234" classname="tests.shopping.TestUserProfile"/>
  <testcase name="testMyAccountSection" time="46.092" classname="tests.shopping.TestUserProfile"/>
</testsuite> <!-- Tests -->
